<?xml version="1.0" encoding="UTF-8"?>
<!-- Generated by org.testng.reporters.JUnitReportReporter -->
<testsuite hostname="HP" name="com.zinghr.signup.index.SignupIndex" tests="1" failures="0" timestamp="4 Dec 2015 07:25:30 GMT" time="100.103" errors="0">
  <testcase name="enterBlankPassword" time="100.103" classname="com.zinghr.signup.index.SignupIndex"/>
</testsuite> <!-- com.zinghr.signup.index.SignupIndex -->
