<?xml version="1.0" encoding="UTF-8"?>
<!-- Generated by org.testng.reporters.JUnitReportReporter -->
<testsuite hostname="HP" name="com.zinghr.signup.index.SignupIndex" tests="1" failures="0" timestamp="24 Nov 2015 05:41:27 GMT" time="144.938" errors="0">
  <testcase name="emailClickHereBtn" time="144.938" classname="com.zinghr.signup.index.SignupIndex"/>
</testsuite> <!-- com.zinghr.signup.index.SignupIndex -->
