<?xml version="1.0" encoding="UTF-8"?>
<!-- Generated by org.testng.reporters.JUnitReportReporter -->
<testsuite hostname="Dell-PC" name="com.zinghr.signup.index.SignupIndex" tests="1" failures="0" timestamp="17 Dec 2015 05:47:20 GMT" time="71.769" errors="0">
  <testcase name="companynameFieldBlank" time="71.769" classname="com.zinghr.signup.index.SignupIndex"/>
</testsuite> <!-- com.zinghr.signup.index.SignupIndex -->
