<?xml version="1.0" encoding="UTF-8"?>
<!-- Generated by org.testng.reporters.JUnitReportReporter -->
<testsuite hostname="Dell-PC" name="com.zinghr.signup.index.SignupIndex" tests="33" failures="1" timestamp="17 Dec 2015 15:03:17 GMT" time="13900.126" errors="0">
  <testcase name="activateSuccessfullyMesg" time="554.451" classname="com.zinghr.signup.index.SignupIndex"/>
  <testcase name="emailContents" time="505.571" classname="com.zinghr.signup.index.SignupIndex"/>
  <testcase name="contactNumFieldBlank" time="361.169" classname="com.zinghr.signup.index.SignupIndex"/>
  <testcase name="contactNumFieldInvalid" time="392.073" classname="com.zinghr.signup.index.SignupIndex"/>
  <testcase name="companynameFieldlessthan3" time="420.705" classname="com.zinghr.signup.index.SignupIndex"/>
  <testcase name="emailidFieldInvalid" time="359.894" classname="com.zinghr.signup.index.SignupIndex"/>
  <testcase name="emailidFieldValid" time="369.006" classname="com.zinghr.signup.index.SignupIndex"/>
  <testcase name="emailFormat" time="455.747" classname="com.zinghr.signup.index.SignupIndex"/>
  <testcase name="pswdProgressStatus" time="512.571" classname="com.zinghr.signup.index.SignupIndex">
    <failure type="org.openqa.selenium.NoSuchElementException" message="Unable to locate element: {&quot;method&quot;:&quot;xpath&quot;,&quot;selector&quot;:&quot;.//iframe[@name=&#039;rendermail&#039;]&quot;}
For documentation on this error, please visit: http://seleniumhq.org/exceptions/no_such_element.html
Build info: version: &#039;2.48.2&#039;, revision: &#039;41bccdd&#039;, time: &#039;2015-10-09 19:59:12&#039;
System info: host: &#039;Dell-PC&#039;, ip: &#039;192.168.1.90&#039;, os.name: &#039;Windows 8.1&#039;, os.arch: &#039;amd64&#039;, os.version: &#039;6.3&#039;, java.version: &#039;1.8.0_51&#039;
Driver info: driver.version: unknown
Command duration or timeout: 30.62 seconds
For documentation on this error, please visit: http://seleniumhq.org/exceptions/no_such_element.html
Build info: version: &#039;2.47.1&#039;, revision: &#039;unknown&#039;, time: &#039;2015-07-30 11:02:44&#039;
System info: host: &#039;Dell-PC&#039;, ip: &#039;192.168.1.90&#039;, os.name: &#039;Windows 8.1&#039;, os.arch: &#039;amd64&#039;, os.version: &#039;6.3&#039;, java.version: &#039;1.8.0_51&#039;
Driver info: org.openqa.selenium.remote.RemoteWebDriver
Capabilities [{applicationCacheEnabled=true, rotatable=false, handlesAlerts=true, databaseEnabled=true, version=43.0, platform=WINDOWS, nativeEvents=false, acceptSslCerts=true, webdriver.remote.sessionid=1b460f17-1b24-4d45-818d-8ca780a8286b, webStorageEnabled=true, locationContextEnabled=true, browserName=firefox, takesScreenshot=true, javascriptEnabled=true, cssSelectorsEnabled=true}]
Session ID: 1b460f17-1b24-4d45-818d-8ca780a8286b
*** Element info: {Using=xpath, value=.//iframe[@name=&#039;rendermail&#039;]}">
      <![CDATA[org.openqa.selenium.NoSuchElementException: Unable to locate element: {"method":"xpath","selector":".//iframe[@name='rendermail']"}
For documentation on this error, please visit: http://seleniumhq.org/exceptions/no_such_element.html
Build info: version: '2.48.2', revision: '41bccdd', time: '2015-10-09 19:59:12'
System info: host: 'Dell-PC', ip: '192.168.1.90', os.name: 'Windows 8.1', os.arch: 'amd64', os.version: '6.3', java.version: '1.8.0_51'
Driver info: driver.version: unknown
Command duration or timeout: 30.62 seconds
For documentation on this error, please visit: http://seleniumhq.org/exceptions/no_such_element.html
Build info: version: '2.47.1', revision: 'unknown', time: '2015-07-30 11:02:44'
System info: host: 'Dell-PC', ip: '192.168.1.90', os.name: 'Windows 8.1', os.arch: 'amd64', os.version: '6.3', java.version: '1.8.0_51'
Driver info: org.openqa.selenium.remote.RemoteWebDriver
Capabilities [{applicationCacheEnabled=true, rotatable=false, handlesAlerts=true, databaseEnabled=true, version=43.0, platform=WINDOWS, nativeEvents=false, acceptSslCerts=true, webdriver.remote.sessionid=1b460f17-1b24-4d45-818d-8ca780a8286b, webStorageEnabled=true, locationContextEnabled=true, browserName=firefox, takesScreenshot=true, javascriptEnabled=true, cssSelectorsEnabled=true}]
Session ID: 1b460f17-1b24-4d45-818d-8ca780a8286b
*** Element info: {Using=xpath, value=.//iframe[@name='rendermail']}
	at sun.reflect.NativeConstructorAccessorImpl.newInstance0(Native Method)
	at sun.reflect.NativeConstructorAccessorImpl.newInstance(NativeConstructorAccessorImpl.java:62)
	at sun.reflect.DelegatingConstructorAccessorImpl.newInstance(DelegatingConstructorAccessorImpl.java:45)
	at java.lang.reflect.Constructor.newInstance(Constructor.java:422)
	at org.openqa.selenium.remote.ErrorHandler.createThrowable(ErrorHandler.java:206)
	at org.openqa.selenium.remote.ErrorHandler.throwIfResponseFailed(ErrorHandler.java:158)
	at org.openqa.selenium.remote.RemoteWebDriver.execute(RemoteWebDriver.java:595)
	at org.openqa.selenium.remote.RemoteWebDriver.findElement(RemoteWebDriver.java:348)
	at org.openqa.selenium.remote.RemoteWebDriver.findElementByXPath(RemoteWebDriver.java:445)
	at org.openqa.selenium.By$ByXPath.findElement(By.java:358)
	at org.openqa.selenium.remote.RemoteWebDriver.findElement(RemoteWebDriver.java:340)
	at com.zinghr.signup.indexPage.SignupIndexPage.clickHereButton(SignupIndexPage.java:258)
	at com.zinghr.signup.indexPage.SignupIndexPage.pswdStatus1(SignupIndexPage.java:753)
	at com.zinghr.signup.index.SignupIndex.pswdProgressStatus(SignupIndex.java:933)
	at sun.reflect.NativeMethodAccessorImpl.invoke0(Native Method)
	at sun.reflect.NativeMethodAccessorImpl.invoke(NativeMethodAccessorImpl.java:62)
	at sun.reflect.DelegatingMethodAccessorImpl.invoke(DelegatingMethodAccessorImpl.java:43)
	at java.lang.reflect.Method.invoke(Method.java:497)
	at org.testng.internal.MethodInvocationHelper.invokeMethod(MethodInvocationHelper.java:84)
	at org.testng.internal.Invoker.invokeMethod(Invoker.java:714)
	at org.testng.internal.Invoker.invokeTestMethod(Invoker.java:901)
	at org.testng.internal.Invoker.invokeTestMethods(Invoker.java:1231)
	at org.testng.internal.TestMethodWorker.invokeTestMethods(TestMethodWorker.java:127)
	at org.testng.internal.TestMethodWorker.run(TestMethodWorker.java:111)
	at org.testng.TestRunner.privateRun(TestRunner.java:767)
	at org.testng.TestRunner.run(TestRunner.java:617)
	at org.testng.SuiteRunner.runTest(SuiteRunner.java:348)
	at org.testng.SuiteRunner.access$000(SuiteRunner.java:38)
	at org.testng.SuiteRunner$SuiteWorker.run(SuiteRunner.java:382)
	at org.testng.internal.thread.ThreadUtil$2.call(ThreadUtil.java:64)
	at java.util.concurrent.FutureTask.run(FutureTask.java:266)
	at java.util.concurrent.ThreadPoolExecutor.runWorker(ThreadPoolExecutor.java:1142)
	at java.util.concurrent.ThreadPoolExecutor$Worker.run(ThreadPoolExecutor.java:617)
	at java.lang.Thread.run(Thread.java:745)
Caused by: org.openqa.selenium.remote.ScreenshotException: Screen shot has been taken
Build info: version: '2.47.1', revision: 'unknown', time: '2015-07-30 11:02:44'
System info: host: 'Dell-PC', ip: '192.168.1.90', os.name: 'Windows 8.1', os.arch: 'amd64', os.version: '6.3', java.version: '1.8.0_51'
Driver info: driver.version: RemoteWebDriver
	at org.openqa.selenium.remote.ErrorHandler.throwIfResponseFailed(ErrorHandler.java:138)
	... 28 more
Caused by: org.openqa.selenium.NoSuchElementException: Unable to locate element: {"method":"xpath","selector":".//iframe[@name='rendermail']"}
For documentation on this error, please visit: http://seleniumhq.org/exceptions/no_such_element.html
Build info: version: '2.48.2', revision: '41bccdd', time: '2015-10-09 19:59:12'
System info: host: 'Dell-PC', ip: '192.168.1.90', os.name: 'Windows 8.1', os.arch: 'amd64', os.version: '6.3', java.version: '1.8.0_51'
Driver info: driver.version: unknown
For documentation on this error, please visit: http://seleniumhq.org/exceptions/no_such_element.html
Build info: version: '2.47.1', revision: 'unknown', time: '2015-07-30 11:02:44'
System info: host: 'Dell-PC', ip: '192.168.1.90', os.name: 'Windows 8.1', os.arch: 'amd64', os.version: '6.3', java.version: '1.8.0_51'
Driver info: driver.version: unknown
	at <anonymous class>.FirefoxDriver.prototype.findElementInternal_(file:///C:/Users/Dell/AppData/Local/Temp/anonymous4886648851301767967webdriver-profile/extensions/fxdriver@googlecode.com/components/driver-component.js:10659)
	at <anonymous class>.fxdriver.Timer.prototype.setTimeout/<.notify(file:///C:/Users/Dell/AppData/Local/Temp/anonymous4886648851301767967webdriver-profile/extensions/fxdriver@googlecode.com/components/driver-component.js:621)
]]>
    </failure>
  </testcase> <!-- pswdProgressStatus -->
  <testcase name="invalidActivationCode" time="487.760" classname="com.zinghr.signup.index.SignupIndex"/>
  <testcase name="enterBlankPassword" time="526.953" classname="com.zinghr.signup.index.SignupIndex"/>
  <testcase name="emailidFieldBlank" time="385.861" classname="com.zinghr.signup.index.SignupIndex"/>
  <testcase name="displaynameFieldAlphabet" time="461.508" classname="com.zinghr.signup.index.SignupIndex"/>
  <testcase name="termsAndprivacy" time="334.216" classname="com.zinghr.signup.index.SignupIndex"/>
  <testcase name="companynameFieldEmpty" time="383.730" classname="com.zinghr.signup.index.SignupIndex"/>
  <testcase name="displaynameFieldBlank" time="218.788" classname="com.zinghr.signup.index.SignupIndex"/>
  <testcase name="contactNumFieldValid" time="342.208" classname="com.zinghr.signup.index.SignupIndex"/>
  <testcase name="updateAccountName" time="586.925" classname="com.zinghr.signup.index.SignupIndex"/>
  <testcase name="companynameFieldAlphanumeric" time="431.937" classname="com.zinghr.signup.index.SignupIndex"/>
  <testcase name="selectCountry" time="340.263" classname="com.zinghr.signup.index.SignupIndex"/>
  <testcase name="companynameFieldBlank" time="362.857" classname="com.zinghr.signup.index.SignupIndex"/>
  <testcase name="selectNoCountry" time="368.667" classname="com.zinghr.signup.index.SignupIndex"/>
  <testcase name="emailverification" time="395.866" classname="com.zinghr.signup.index.SignupIndex"/>
  <testcase name="activationPage" time="342.638" classname="com.zinghr.signup.index.SignupIndex"/>
  <testcase name="enterPaswd" time="444.630" classname="com.zinghr.signup.index.SignupIndex"/>
  <testcase name="blankPswdActCode" time="429.907" classname="com.zinghr.signup.index.SignupIndex"/>
  <testcase name="activateSuccessfully" time="607.913" classname="com.zinghr.signup.index.SignupIndex"/>
  <testcase name="checkbox" time="333.278" classname="com.zinghr.signup.index.SignupIndex"/>
  <testcase name="emailClickHereBtn" time="415.339" classname="com.zinghr.signup.index.SignupIndex"/>
  <testcase name="displaynameFieldInvalid" time="190.005" classname="com.zinghr.signup.index.SignupIndex"/>
  <testcase name="previouslyActivateCode1" time="598.599" classname="com.zinghr.signup.index.SignupIndex"/>
  <testcase name="contactNumFieldMorethan10" time="394.164" classname="com.zinghr.signup.index.SignupIndex"/>
  <testcase name="activateTwice" time="584.927" classname="com.zinghr.signup.index.SignupIndex"/>
</testsuite> <!-- com.zinghr.signup.index.SignupIndex -->
