<?xml version="1.0" encoding="UTF-8"?>
<!-- Generated by org.testng.reporters.JUnitReportReporter -->
<testsuite hostname="HP" name="com.zinghr.signup.index.SignupIndex" tests="33" failures="0" timestamp="9 Dec 2015 05:10:04 GMT" time="4311.984" errors="0">
  <testcase name="companynameFieldBlank" time="67.668" classname="com.zinghr.signup.index.SignupIndex"/>
  <testcase name="termsAndprivacy" time="37.116" classname="com.zinghr.signup.index.SignupIndex"/>
  <testcase name="contactNumFieldBlank" time="48.562" classname="com.zinghr.signup.index.SignupIndex"/>
  <testcase name="activateTwice" time="413.419" classname="com.zinghr.signup.index.SignupIndex"/>
  <testcase name="emailidFieldInvalid" time="50.498" classname="com.zinghr.signup.index.SignupIndex"/>
  <testcase name="selectNoCountry" time="46.000" classname="com.zinghr.signup.index.SignupIndex"/>
  <testcase name="emailContents" time="99.240" classname="com.zinghr.signup.index.SignupIndex"/>
  <testcase name="previouslyActivateCode1" time="478.830" classname="com.zinghr.signup.index.SignupIndex"/>
  <testcase name="blankPswdActCode" time="98.641" classname="com.zinghr.signup.index.SignupIndex"/>
  <testcase name="emailverification" time="80.050" classname="com.zinghr.signup.index.SignupIndex"/>
  <testcase name="companynameFieldAlphanumeric" time="64.596" classname="com.zinghr.signup.index.SignupIndex"/>
  <testcase name="checkbox" time="45.627" classname="com.zinghr.signup.index.SignupIndex"/>
  <testcase name="emailidFieldBlank" time="50.958" classname="com.zinghr.signup.index.SignupIndex"/>
  <testcase name="updateAccountName" time="420.384" classname="com.zinghr.signup.index.SignupIndex"/>
  <testcase name="companynameFieldEmpty" time="72.975" classname="com.zinghr.signup.index.SignupIndex"/>
  <testcase name="selectCountry" time="40.477" classname="com.zinghr.signup.index.SignupIndex"/>
  <testcase name="displaynameFieldAlphabet" time="52.956" classname="com.zinghr.signup.index.SignupIndex"/>
  <testcase name="contactNumFieldMorethan10" time="43.271" classname="com.zinghr.signup.index.SignupIndex"/>
  <testcase name="emailFormat" time="81.432" classname="com.zinghr.signup.index.SignupIndex"/>
  <testcase name="enterPaswd" time="245.244" classname="com.zinghr.signup.index.SignupIndex"/>
  <testcase name="emailClickHereBtn" time="107.314" classname="com.zinghr.signup.index.SignupIndex"/>
  <testcase name="invalidActivationCode" time="110.330" classname="com.zinghr.signup.index.SignupIndex"/>
  <testcase name="emailidFieldValid" time="42.303" classname="com.zinghr.signup.index.SignupIndex"/>
  <testcase name="contactNumFieldInvalid" time="43.623" classname="com.zinghr.signup.index.SignupIndex"/>
  <testcase name="contactNumFieldValid" time="46.350" classname="com.zinghr.signup.index.SignupIndex"/>
  <testcase name="activateSuccessfullyMesg" time="439.474" classname="com.zinghr.signup.index.SignupIndex"/>
  <testcase name="companynameFieldlessthan3" time="44.518" classname="com.zinghr.signup.index.SignupIndex"/>
  <testcase name="displaynameFieldInvalid" time="44.772" classname="com.zinghr.signup.index.SignupIndex"/>
  <testcase name="activateSuccessfully" time="403.722" classname="com.zinghr.signup.index.SignupIndex"/>
  <testcase name="displaynameFieldBlank" time="46.888" classname="com.zinghr.signup.index.SignupIndex"/>
  <testcase name="enterBlankPassword" time="157.011" classname="com.zinghr.signup.index.SignupIndex"/>
  <testcase name="activationPage" time="44.767" classname="com.zinghr.signup.index.SignupIndex"/>
  <testcase name="pswdProgressStatus" time="242.968" classname="com.zinghr.signup.index.SignupIndex"/>
</testsuite> <!-- com.zinghr.signup.index.SignupIndex -->
